{
  "RSpec": {
    "coverage": {
      "/Users/ryanmcdonald/SIB/Track_Work/Lab_2/reservster/app/controllers/restaurants_controller.rb": [
        1,
        1,
        1,
        null,
        null,
        1,
        0,
        0,
        null,
        null,
        1,
        0,
        null,
        null,
        1,
        0,
        0,
        0,
        null,
        null,
        1,
        0,
        0,
        null,
        null,
        null,
        1,
        0,
        0,
        0,
        null,
        null,
        1,
        1,
        0,
        null,
        null,
        null
      ],
      "/Users/ryanmcdonald/SIB/Track_Work/Lab_2/reservster/app/controllers/application_controller.rb": [
        1,
        null,
        null,
        1,
        null
      ],
      "/Users/ryanmcdonald/SIB/Track_Work/Lab_2/reservster/app/models/restaurant.rb": [
        1,
        1,
        null,
        1,
        1,
        1,
        1,
        1,
        null,
        null,
        null
      ]
    },
    "timestamp": 1384543021
  }
}
